Performing C SOURCE FILE Test C_SUPPORTS_WERROR_UNGUARDED_AVAILABILITY_NEW failed with the following output:
Change Dir: /home/keerthan/cdproject/build/CMakeFiles/CMakeTmp

Run Build Command(s):/usr/bin/gmake -f Makefile cmTC_c523e/fast && /usr/bin/gmake  -f CMakeFiles/cmTC_c523e.dir/build.make CMakeFiles/cmTC_c523e.dir/build
gmake[1]: Entering directory '/home/keerthan/cdproject/build/CMakeFiles/CMakeTmp'
Building C object CMakeFiles/cmTC_c523e.dir/src.c.o
/usr/bin/cc -DC_SUPPORTS_WERROR_UNGUARDED_AVAILABILITY_NEW  -fPIC -fno-semantic-interposition -Werror=date-time    -Werror -Werror=unguarded-availability-new -o CMakeFiles/cmTC_c523e.dir/src.c.o -c /home/keerthan/cdproject/build/CMakeFiles/CMakeTmp/src.c
cc1: error: '-Werror=unguarded-availability-new': no option '-Wunguarded-availability-new'
gmake[1]: *** [CMakeFiles/cmTC_c523e.dir/build.make:78: CMakeFiles/cmTC_c523e.dir/src.c.o] Error 1
gmake[1]: Leaving directory '/home/keerthan/cdproject/build/CMakeFiles/CMakeTmp'
gmake: *** [Makefile:127: cmTC_c523e/fast] Error 2


Source file was:
int main(void) { return 0; }
Performing C++ SOURCE FILE Test CXX_SUPPORTS_WERROR_UNGUARDED_AVAILABILITY_NEW failed with the following output:
Change Dir: /home/keerthan/cdproject/build/CMakeFiles/CMakeTmp

Run Build Command(s):/usr/bin/gmake -f Makefile cmTC_b9605/fast && /usr/bin/gmake  -f CMakeFiles/cmTC_b9605.dir/build.make CMakeFiles/cmTC_b9605.dir/build
gmake[1]: Entering directory '/home/keerthan/cdproject/build/CMakeFiles/CMakeTmp'
Building CXX object CMakeFiles/cmTC_b9605.dir/src.cxx.o
/usr/bin/c++ -DCXX_SUPPORTS_WERROR_UNGUARDED_AVAILABILITY_NEW  -fPIC -fno-semantic-interposition -fvisibility-inlines-hidden -Werror=date-time    -Werror -Werror=unguarded-availability-new -o CMakeFiles/cmTC_b9605.dir/src.cxx.o -c /home/keerthan/cdproject/build/CMakeFiles/CMakeTmp/src.cxx
cc1plus: error: '-Werror=unguarded-availability-new': no option '-Wunguarded-availability-new'
gmake[1]: *** [CMakeFiles/cmTC_b9605.dir/build.make:78: CMakeFiles/cmTC_b9605.dir/src.cxx.o] Error 1
gmake[1]: Leaving directory '/home/keerthan/cdproject/build/CMakeFiles/CMakeTmp'
gmake: *** [Makefile:127: cmTC_b9605/fast] Error 2


Source file was:
int main() { return 0; }
Performing C SOURCE FILE Test C_SUPPORTS_COVERED_SWITCH_DEFAULT_FLAG failed with the following output:
Change Dir: /home/keerthan/cdproject/build/CMakeFiles/CMakeTmp

Run Build Command(s):/usr/bin/gmake -f Makefile cmTC_f6cd3/fast && /usr/bin/gmake  -f CMakeFiles/cmTC_f6cd3.dir/build.make CMakeFiles/cmTC_f6cd3.dir/build
gmake[1]: Entering directory '/home/keerthan/cdproject/build/CMakeFiles/CMakeTmp'
Building C object CMakeFiles/cmTC_f6cd3.dir/src.c.o
/usr/bin/cc -DC_SUPPORTS_COVERED_SWITCH_DEFAULT_FLAG  -fPIC -fno-semantic-interposition -Werror=date-time -Wall -Wextra -Wno-unused-parameter -Wwrite-strings -Wno-missing-field-initializers -Wimplicit-fallthrough    -Werror -Wcovered-switch-default -o CMakeFiles/cmTC_f6cd3.dir/src.c.o -c /home/keerthan/cdproject/build/CMakeFiles/CMakeTmp/src.c
cc: error: unrecognized command-line option '-Wcovered-switch-default'; did you mean '-Wno-switch-default'?
gmake[1]: *** [CMakeFiles/cmTC_f6cd3.dir/build.make:78: CMakeFiles/cmTC_f6cd3.dir/src.c.o] Error 1
gmake[1]: Leaving directory '/home/keerthan/cdproject/build/CMakeFiles/CMakeTmp'
gmake: *** [Makefile:127: cmTC_f6cd3/fast] Error 2


Source file was:
int main(void) { return 0; }
Performing C++ SOURCE FILE Test CXX_SUPPORTS_COVERED_SWITCH_DEFAULT_FLAG failed with the following output:
Change Dir: /home/keerthan/cdproject/build/CMakeFiles/CMakeTmp

Run Build Command(s):/usr/bin/gmake -f Makefile cmTC_a36c5/fast && /usr/bin/gmake  -f CMakeFiles/cmTC_a36c5.dir/build.make CMakeFiles/cmTC_a36c5.dir/build
gmake[1]: Entering directory '/home/keerthan/cdproject/build/CMakeFiles/CMakeTmp'
Building CXX object CMakeFiles/cmTC_a36c5.dir/src.cxx.o
/usr/bin/c++ -DCXX_SUPPORTS_COVERED_SWITCH_DEFAULT_FLAG  -fPIC -fno-semantic-interposition -fvisibility-inlines-hidden -Werror=date-time -Wall -Wextra -Wno-unused-parameter -Wwrite-strings -Wcast-qual -Wno-missing-field-initializers -Wimplicit-fallthrough    -Werror -Wcovered-switch-default -o CMakeFiles/cmTC_a36c5.dir/src.cxx.o -c /home/keerthan/cdproject/build/CMakeFiles/CMakeTmp/src.cxx
c++: error: unrecognized command-line option '-Wcovered-switch-default'; did you mean '-Wno-switch-default'?
gmake[1]: *** [CMakeFiles/cmTC_a36c5.dir/build.make:78: CMakeFiles/cmTC_a36c5.dir/src.cxx.o] Error 1
gmake[1]: Leaving directory '/home/keerthan/cdproject/build/CMakeFiles/CMakeTmp'
gmake: *** [Makefile:127: cmTC_a36c5/fast] Error 2


Source file was:
int main() { return 0; }
Performing C++ SOURCE FILE Test CXX_WONT_WARN_ON_FINAL_NONVIRTUALDTOR failed with the following output:
Change Dir: /home/keerthan/cdproject/build/CMakeFiles/CMakeTmp

Run Build Command(s):/usr/bin/gmake -f Makefile cmTC_45bea/fast && /usr/bin/gmake  -f CMakeFiles/cmTC_45bea.dir/build.make CMakeFiles/cmTC_45bea.dir/build
gmake[1]: Entering directory '/home/keerthan/cdproject/build/CMakeFiles/CMakeTmp'
Building CXX object CMakeFiles/cmTC_45bea.dir/src.cxx.o
/usr/bin/c++ -DCXX_WONT_WARN_ON_FINAL_NONVIRTUALDTOR  -fPIC -fno-semantic-interposition -fvisibility-inlines-hidden -Werror=date-time -Wall -Wextra -Wno-unused-parameter -Wwrite-strings -Wcast-qual -Wno-missing-field-initializers -Wimplicit-fallthrough -Wno-class-memaccess -Wno-redundant-move -Wno-pessimizing-move -Wno-noexcept-type  -Werror=non-virtual-dtor -o CMakeFiles/cmTC_45bea.dir/src.cxx.o -c /home/keerthan/cdproject/build/CMakeFiles/CMakeTmp/src.cxx
/home/keerthan/cdproject/build/CMakeFiles/CMakeTmp/src.cxx:2:36: error: ‘class base’ has virtual functions and accessible non-virtual destructor [-Werror=non-virtual-dtor]
    2 |                              class base {friend f; public: virtual void anchor();protected: ~base();};
      |                                    ^~~~
cc1plus: some warnings being treated as errors
gmake[1]: *** [CMakeFiles/cmTC_45bea.dir/build.make:78: CMakeFiles/cmTC_45bea.dir/src.cxx.o] Error 1
gmake[1]: Leaving directory '/home/keerthan/cdproject/build/CMakeFiles/CMakeTmp'
gmake: *** [Makefile:127: cmTC_45bea/fast] Error 2


Source file was:
class f {};
                             class base {friend f; public: virtual void anchor();protected: ~base();};
                             int main() { return 0; }
Performing C SOURCE FILE Test C_WCOMMENT_ALLOWS_LINE_WRAP failed with the following output:
Change Dir: /home/keerthan/cdproject/build/CMakeFiles/CMakeTmp

Run Build Command(s):/usr/bin/gmake -f Makefile cmTC_fd153/fast && /usr/bin/gmake  -f CMakeFiles/cmTC_fd153.dir/build.make CMakeFiles/cmTC_fd153.dir/build
gmake[1]: Entering directory '/home/keerthan/cdproject/build/CMakeFiles/CMakeTmp'
Building C object CMakeFiles/cmTC_fd153.dir/src.c.o
/usr/bin/cc -DC_WCOMMENT_ALLOWS_LINE_WRAP  -fPIC -fno-semantic-interposition -Werror=date-time -Wall -Wextra -Wno-unused-parameter -Wwrite-strings -Wno-missing-field-initializers -Wimplicit-fallthrough  -Werror -Wcomment -o CMakeFiles/cmTC_fd153.dir/src.c.o -c /home/keerthan/cdproject/build/CMakeFiles/CMakeTmp/src.c
/home/keerthan/cdproject/build/CMakeFiles/CMakeTmp/src.c:1:1: error: multi-line comment [-Werror=comment]
    1 | // \
      | ^
cc1: all warnings being treated as errors
gmake[1]: *** [CMakeFiles/cmTC_fd153.dir/build.make:78: CMakeFiles/cmTC_fd153.dir/src.c.o] Error 1
gmake[1]: Leaving directory '/home/keerthan/cdproject/build/CMakeFiles/CMakeTmp'
gmake: *** [Makefile:127: cmTC_fd153/fast] Error 2


Source file was:
// \
//
int main() {return 0;}
Performing C SOURCE FILE Test C_SUPPORTS_STRING_CONVERSION_FLAG failed with the following output:
Change Dir: /home/keerthan/cdproject/build/CMakeFiles/CMakeTmp

Run Build Command(s):/usr/bin/gmake -f Makefile cmTC_ecd73/fast && /usr/bin/gmake  -f CMakeFiles/cmTC_ecd73.dir/build.make CMakeFiles/cmTC_ecd73.dir/build
gmake[1]: Entering directory '/home/keerthan/cdproject/build/CMakeFiles/CMakeTmp'
Building C object CMakeFiles/cmTC_ecd73.dir/src.c.o
/usr/bin/cc -DC_SUPPORTS_STRING_CONVERSION_FLAG  -fPIC -fno-semantic-interposition -Werror=date-time -Wall -Wextra -Wno-unused-parameter -Wwrite-strings -Wno-missing-field-initializers -Wimplicit-fallthrough -Wno-comment    -Werror -Wstring-conversion -o CMakeFiles/cmTC_ecd73.dir/src.c.o -c /home/keerthan/cdproject/build/CMakeFiles/CMakeTmp/src.c
cc: error: unrecognized command-line option '-Wstring-conversion'; did you mean '-Wsign-conversion'?
gmake[1]: *** [CMakeFiles/cmTC_ecd73.dir/build.make:78: CMakeFiles/cmTC_ecd73.dir/src.c.o] Error 1
gmake[1]: Leaving directory '/home/keerthan/cdproject/build/CMakeFiles/CMakeTmp'
gmake: *** [Makefile:127: cmTC_ecd73/fast] Error 2


Source file was:
int main(void) { return 0; }
Performing C++ SOURCE FILE Test CXX_SUPPORTS_STRING_CONVERSION_FLAG failed with the following output:
Change Dir: /home/keerthan/cdproject/build/CMakeFiles/CMakeTmp

Run Build Command(s):/usr/bin/gmake -f Makefile cmTC_3fe01/fast && /usr/bin/gmake  -f CMakeFiles/cmTC_3fe01.dir/build.make CMakeFiles/cmTC_3fe01.dir/build
gmake[1]: Entering directory '/home/keerthan/cdproject/build/CMakeFiles/CMakeTmp'
Building CXX object CMakeFiles/cmTC_3fe01.dir/src.cxx.o
/usr/bin/c++ -DCXX_SUPPORTS_STRING_CONVERSION_FLAG  -fPIC -fno-semantic-interposition -fvisibility-inlines-hidden -Werror=date-time -Wall -Wextra -Wno-unused-parameter -Wwrite-strings -Wcast-qual -Wno-missing-field-initializers -Wimplicit-fallthrough -Wno-class-memaccess -Wno-redundant-move -Wno-pessimizing-move -Wno-noexcept-type -Wdelete-non-virtual-dtor -Wsuggest-override -Wno-comment    -Werror -Wstring-conversion -o CMakeFiles/cmTC_3fe01.dir/src.cxx.o -c /home/keerthan/cdproject/build/CMakeFiles/CMakeTmp/src.cxx
c++: error: unrecognized command-line option '-Wstring-conversion'; did you mean '-Wsign-conversion'?
gmake[1]: *** [CMakeFiles/cmTC_3fe01.dir/build.make:78: CMakeFiles/cmTC_3fe01.dir/src.cxx.o] Error 1
gmake[1]: Leaving directory '/home/keerthan/cdproject/build/CMakeFiles/CMakeTmp'
gmake: *** [Makefile:127: cmTC_3fe01/fast] Error 2


Source file was:
int main() { return 0; }
Determining if the os_signpost_interval_begin exist failed with the following output:
Change Dir: /home/keerthan/cdproject/build/CMakeFiles/CMakeTmp

Run Build Command(s):/usr/bin/gmake -f Makefile cmTC_61411/fast && /usr/bin/gmake  -f CMakeFiles/cmTC_61411.dir/build.make CMakeFiles/cmTC_61411.dir/build
gmake[1]: Entering directory '/home/keerthan/cdproject/build/CMakeFiles/CMakeTmp'
Building C object CMakeFiles/cmTC_61411.dir/CheckSymbolExists.c.o
/usr/bin/cc   -fPIC -fno-semantic-interposition -Wall -Wextra -Wno-unused-parameter -Wwrite-strings -Wno-missing-field-initializers -Wimplicit-fallthrough -Wno-comment -Wmisleading-indentation -ffunction-sections -fdata-sections  -o CMakeFiles/cmTC_61411.dir/CheckSymbolExists.c.o -c /home/keerthan/cdproject/build/CMakeFiles/CMakeTmp/CheckSymbolExists.c
/home/keerthan/cdproject/build/CMakeFiles/CMakeTmp/CheckSymbolExists.c:2:10: fatal error: os/signpost.h: No such file or directory
    2 | #include <os/signpost.h>
      |          ^~~~~~~~~~~~~~~
compilation terminated.
gmake[1]: *** [CMakeFiles/cmTC_61411.dir/build.make:78: CMakeFiles/cmTC_61411.dir/CheckSymbolExists.c.o] Error 1
gmake[1]: Leaving directory '/home/keerthan/cdproject/build/CMakeFiles/CMakeTmp'
gmake: *** [Makefile:127: cmTC_61411/fast] Error 2


File /home/keerthan/cdproject/build/CMakeFiles/CMakeTmp/CheckSymbolExists.c:
/* */
#include <os/signpost.h>

int main(int argc, char** argv)
{
  (void)argv;
#ifndef os_signpost_interval_begin
  return ((int*)(&os_signpost_interval_begin))[argc];
#else
  (void)argc;
  return 0;
#endif
}
